<?xml version="1.0" encoding="UTF-8"?>
<coverage generated="1688102660012" clover="3.2.0">
  <project timestamp="1688102660013" name="All files">
    <metrics statements="14" coveredstatements="13" conditionals="4" coveredconditionals="4" methods="3" coveredmethods="2" elements="21" coveredelements="19" complexity="0" loc="14" ncloc="14" packages="1" files="3" classes="3"/>
    <file name="printMessage.js" path="/home/victor/Documentos/trybe/trybe-projetos/sd-034-exercise-tests-in-practice/src/printMessage.js">
      <metrics statements="6" coveredstatements="6" conditionals="0" coveredconditionals="0" methods="1" coveredmethods="1"/>
      <line num="1" count="1" type="stmt"/>
      <line num="7" count="1" type="stmt"/>
      <line num="9" count="1" type="stmt"/>
      <line num="11" count="1" type="stmt"/>
      <line num="14" count="1" type="stmt"/>
      <line num="16" count="1" type="stmt"/>
    </file>
    <file name="searchEmployee.js" path="/home/victor/Documentos/trybe/trybe-projetos/sd-034-exercise-tests-in-practice/src/searchEmployee.js">
      <metrics statements="4" coveredstatements="3" conditionals="0" coveredconditionals="0" methods="1" coveredmethods="0"/>
      <line num="1" count="1" type="stmt"/>
      <line num="40" count="1" type="stmt"/>
      <line num="42" count="0" type="stmt"/>
      <line num="45" count="1" type="stmt"/>
    </file>
    <file name="sum.js" path="/home/victor/Documentos/trybe/trybe-projetos/sd-034-exercise-tests-in-practice/src/sum.js">
      <metrics statements="4" coveredstatements="4" conditionals="4" coveredconditionals="4" methods="1" coveredmethods="1"/>
      <line num="2" count="4" type="cond" truecount="4" falsecount="0"/>
      <line num="3" count="2" type="stmt"/>
      <line num="6" count="2" type="stmt"/>
      <line num="9" count="1" type="stmt"/>
    </file>
  </project>
</coverage>
