{"/home/victor/Documentos/trybe/trybe-projetos/sd-034-exercise-tests-in-practice/src/printMessage.js": {"path":"/home/victor/Documentos/trybe/trybe-projetos/sd-034-exercise-tests-in-practice/src/printMessage.js","statementMap":{"0":{"start":{"line":1,"column":11},"end":{"line":5,"column":1}},"1":{"start":{"line":7,"column":21},"end":{"line":12,"column":1}},"2":{"start":{"line":9,"column":15},"end":{"line":9,"column":57}},"3":{"start":{"line":11,"column":2},"end":{"line":11,"column":16}},"4":{"start":{"line":14,"column":0},"end":{"line":14,"column":32}},"5":{"start":{"line":16,"column":0},"end":{"line":16,"column":40}}},"fnMap":{"0":{"name":"(anonymous_0)","decl":{"start":{"line":7,"column":21},"end":{"line":7,"column":22}},"loc":{"start":{"line":7,"column":40},"end":{"line":12,"column":1}},"line":7}},"branchMap":{},"s":{"0":1,"1":1,"2":1,"3":1,"4":1,"5":1},"f":{"0":1},"b":{},"_coverageSchema":"1a1c01bbd47fc00a2c39e90264f33305004495a9","hash":"5cbcaf6efbac4bafda5c7eb886ef99c3215a3ae1"}
,"/home/victor/Documentos/trybe/trybe-projetos/sd-034-exercise-tests-in-practice/src/searchEmployee.js": {"path":"/home/victor/Documentos/trybe/trybe-projetos/sd-034-exercise-tests-in-practice/src/searchEmployee.js","statementMap":{"0":{"start":{"line":1,"column":26},"end":{"line":38,"column":1}},"1":{"start":{"line":40,"column":23},"end":{"line":43,"column":1}},"2":{"start":{"line":42,"column":2},"end":{"line":42,"column":51}},"3":{"start":{"line":45,"column":0},"end":{"line":45,"column":32}}},"fnMap":{"0":{"name":"(anonymous_0)","decl":{"start":{"line":40,"column":23},"end":{"line":40,"column":24}},"loc":{"start":{"line":40,"column":45},"end":{"line":43,"column":1}},"line":40}},"branchMap":{},"s":{"0":1,"1":1,"2":0,"3":1},"f":{"0":0},"b":{},"_coverageSchema":"1a1c01bbd47fc00a2c39e90264f33305004495a9","hash":"bdb3458725af2ed00a6550741d944fbc105cebd9"}
,"/home/victor/Documentos/trybe/trybe-projetos/sd-034-exercise-tests-in-practice/src/sum.js": {"path":"/home/victor/Documentos/trybe/trybe-projetos/sd-034-exercise-tests-in-practice/src/sum.js","statementMap":{"0":{"start":{"line":2,"column":2},"end":{"line":4,"column":3}},"1":{"start":{"line":3,"column":4},"end":{"line":3,"column":50}},"2":{"start":{"line":6,"column":2},"end":{"line":6,"column":15}},"3":{"start":{"line":9,"column":0},"end":{"line":9,"column":21}}},"fnMap":{"0":{"name":"sum","decl":{"start":{"line":1,"column":9},"end":{"line":1,"column":12}},"loc":{"start":{"line":1,"column":19},"end":{"line":7,"column":1}},"line":1}},"branchMap":{"0":{"loc":{"start":{"line":2,"column":2},"end":{"line":4,"column":3}},"type":"if","locations":[{"start":{"line":2,"column":2},"end":{"line":4,"column":3}},{"start":{},"end":{}}],"line":2},"1":{"loc":{"start":{"line":2,"column":6},"end":{"line":2,"column":52}},"type":"binary-expr","locations":[{"start":{"line":2,"column":6},"end":{"line":2,"column":27}},{"start":{"line":2,"column":31},"end":{"line":2,"column":52}}],"line":2}},"s":{"0":0,"1":0,"2":0,"3":1},"f":{"0":0},"b":{"0":[0,0],"1":[0,0]},"_coverageSchema":"1a1c01bbd47fc00a2c39e90264f33305004495a9","hash":"c34e20fd644f8caf43b185955dc8337660141c9d"}
}
